-------------------------------------------------------------------------------
Test set: com.belatrixsf.app.test.TestEBay
-------------------------------------------------------------------------------
Tests run: 4, Failures: 1, Errors: 0, Skipped: 0, Time elapsed: 25.807 sec <<< FAILURE!
testFilteringBySize(com.belatrixsf.app.test.TestEBay)  Time elapsed: 3.986 sec  <<< FAILURE!
java.lang.AssertionError: Page Not Found expected [shoes | eBay] but found [shoe]
	at org.testng.Assert.fail(Assert.java:94)
	at org.testng.Assert.failNotEquals(Assert.java:513)
	at org.testng.Assert.assertEqualsImpl(Assert.java:135)
	at org.testng.Assert.assertEquals(Assert.java:116)
	at org.testng.Assert.assertEquals(Assert.java:190)
	at com.belatrixsf.app.test.TestEBay.testFilteringBySize(TestEBay.java:51)

