<?xml version="1.0" encoding="UTF-8"?>
<testng-results skipped="0" failed="1" total="4" passed="3">
  <reporter-output>
  </reporter-output>
  <suite name="com.belatrixsf.app.test.TestEBay" duration-ms="24627" started-at="2017-10-11T01:09:31Z" finished-at="2017-10-11T01:09:55Z">
    <groups>
      <group name="filteringBrandTest">
        <method signature="TestEBay.testFilteringByBrand()[pri:0, instance:com.belatrixsf.app.test.TestEBay@2ef9b8bc]" name="testFilteringByBrand" class="com.belatrixsf.app.test.TestEBay"/>
      </group> <!-- filteringBrandTest -->
      <group name="filteringSizeTest">
        <method signature="TestEBay.testFilteringBySize()[pri:0, instance:com.belatrixsf.app.test.TestEBay@2ef9b8bc]" name="testFilteringBySize" class="com.belatrixsf.app.test.TestEBay"/>
        <method signature="TestEBay.testPrintResult()[pri:0, instance:com.belatrixsf.app.test.TestEBay@2ef9b8bc]" name="testPrintResult" class="com.belatrixsf.app.test.TestEBay"/>
      </group> <!-- filteringSizeTest -->
      <group name="filteringIndexPageTest">
        <method signature="TestEBay.testAccessingMainPage()[pri:0, instance:com.belatrixsf.app.test.TestEBay@2ef9b8bc]" name="testAccessingMainPage" class="com.belatrixsf.app.test.TestEBay"/>
      </group> <!-- filteringIndexPageTest -->
    </groups>
    <test name="Command line test" duration-ms="24627" started-at="2017-10-11T01:09:31Z" finished-at="2017-10-11T01:09:55Z">
      <class name="com.belatrixsf.app.test.TestEBay">
        <test-method status="PASS" signature="setUp()[pri:0, instance:com.belatrixsf.app.test.TestEBay@2ef9b8bc]" name="setUp" is-config="true" duration-ms="11743" started-at="2017-10-10T22:09:31Z" finished-at="2017-10-10T22:09:42Z">
          <reporter-output>
          </reporter-output>
        </test-method> <!-- setUp -->
        <test-method status="PASS" signature="testAccessingMainPage()[pri:0, instance:com.belatrixsf.app.test.TestEBay@2ef9b8bc]" name="testAccessingMainPage" duration-ms="5653" started-at="2017-10-10T22:09:42Z" finished-at="2017-10-10T22:09:48Z">
          <reporter-output>
          </reporter-output>
        </test-method> <!-- testAccessingMainPage -->
        <test-method status="PASS" signature="testFilteringByBrand()[pri:0, instance:com.belatrixsf.app.test.TestEBay@2ef9b8bc]" name="testFilteringByBrand" duration-ms="2910" started-at="2017-10-10T22:09:48Z" finished-at="2017-10-10T22:09:51Z">
          <reporter-output>
          </reporter-output>
        </test-method> <!-- testFilteringByBrand -->
        <test-method status="FAIL" signature="testFilteringBySize()[pri:0, instance:com.belatrixsf.app.test.TestEBay@2ef9b8bc]" name="testFilteringBySize" duration-ms="3976" started-at="2017-10-10T22:09:51Z" finished-at="2017-10-10T22:09:55Z">
          <exception class="java.lang.AssertionError">
            <message>
              <![CDATA[Page Not Found expected [shoes | eBay] but found [shoe]]]>
            </message>
            <full-stacktrace>
              <![CDATA[java.lang.AssertionError: Page Not Found expected [shoes | eBay] but found [shoe]
	at org.testng.Assert.fail(Assert.java:94)
	at org.testng.Assert.failNotEquals(Assert.java:513)
	at org.testng.Assert.assertEqualsImpl(Assert.java:135)
	at org.testng.Assert.assertEquals(Assert.java:116)
	at org.testng.Assert.assertEquals(Assert.java:190)
	at com.belatrixsf.app.test.TestEBay.testFilteringBySize(TestEBay.java:51)
	at sun.reflect.NativeMethodAccessorImpl.invoke0(Native Method)
	at sun.reflect.NativeMethodAccessorImpl.invoke(NativeMethodAccessorImpl.java:62)
	at sun.reflect.DelegatingMethodAccessorImpl.invoke(DelegatingMethodAccessorImpl.java:43)
	at java.lang.reflect.Method.invoke(Method.java:498)
	at org.testng.internal.MethodInvocationHelper.invokeMethod(MethodInvocationHelper.java:86)
	at org.testng.internal.Invoker.invokeMethod(Invoker.java:643)
	at org.testng.internal.Invoker.invokeTestMethod(Invoker.java:820)
	at org.testng.internal.Invoker.invokeTestMethods(Invoker.java:1128)
	at org.testng.internal.TestMethodWorker.invokeTestMethods(TestMethodWorker.java:129)
	at org.testng.internal.TestMethodWorker.run(TestMethodWorker.java:112)
	at org.testng.TestRunner.privateRun(TestRunner.java:782)
	at org.testng.TestRunner.run(TestRunner.java:632)
	at org.testng.SuiteRunner.runTest(SuiteRunner.java:366)
	at org.testng.SuiteRunner.runSequentially(SuiteRunner.java:361)
	at org.testng.SuiteRunner.privateRun(SuiteRunner.java:319)
	at org.testng.SuiteRunner.run(SuiteRunner.java:268)
	at org.testng.SuiteRunnerWorker.runSuite(SuiteRunnerWorker.java:52)
	at org.testng.SuiteRunnerWorker.run(SuiteRunnerWorker.java:86)
	at org.testng.TestNG.runSuitesSequentially(TestNG.java:1244)
	at org.testng.TestNG.runSuitesLocally(TestNG.java:1169)
	at org.testng.TestNG.run(TestNG.java:1064)
	at org.apache.maven.surefire.testng.TestNGExecutor.run(TestNGExecutor.java:77)
	at org.apache.maven.surefire.testng.TestNGDirectoryTestSuite.execute(TestNGDirectoryTestSuite.java:110)
	at org.apache.maven.surefire.testng.TestNGProvider.invoke(TestNGProvider.java:106)
	at sun.reflect.NativeMethodAccessorImpl.invoke0(Native Method)
	at sun.reflect.NativeMethodAccessorImpl.invoke(NativeMethodAccessorImpl.java:62)
	at sun.reflect.DelegatingMethodAccessorImpl.invoke(DelegatingMethodAccessorImpl.java:43)
	at java.lang.reflect.Method.invoke(Method.java:498)
	at org.apache.maven.surefire.util.ReflectionUtils.invokeMethodWithArray(ReflectionUtils.java:189)
	at org.apache.maven.surefire.booter.ProviderFactory$ProviderProxy.invoke(ProviderFactory.java:165)
	at org.apache.maven.surefire.booter.ProviderFactory.invokeProvider(ProviderFactory.java:85)
	at org.apache.maven.surefire.booter.ForkedBooter.runSuitesInProcess(ForkedBooter.java:115)
	at org.apache.maven.surefire.booter.ForkedBooter.main(ForkedBooter.java:75)
]]>
            </full-stacktrace>
          </exception> <!-- java.lang.AssertionError -->
          <reporter-output>
          </reporter-output>
        </test-method> <!-- testFilteringBySize -->
        <test-method status="PASS" signature="testPrintResult()[pri:0, instance:com.belatrixsf.app.test.TestEBay@2ef9b8bc]" name="testPrintResult" duration-ms="108" started-at="2017-10-10T22:09:55Z" finished-at="2017-10-10T22:09:55Z">
          <reporter-output>
          </reporter-output>
        </test-method> <!-- testPrintResult -->
        <test-method status="PASS" signature="tearDown()[pri:0, instance:com.belatrixsf.app.test.TestEBay@2ef9b8bc]" name="tearDown" is-config="true" duration-ms="202" started-at="2017-10-10T22:09:55Z" finished-at="2017-10-10T22:09:55Z">
          <reporter-output>
          </reporter-output>
        </test-method> <!-- tearDown -->
      </class> <!-- com.belatrixsf.app.test.TestEBay -->
    </test> <!-- Command line test -->
  </suite> <!-- com.belatrixsf.app.test.TestEBay -->
</testng-results>
